C:\GITREPOS\BRO\BRO\BRO\DEBUG\BRO.EXE.EMBED.MANIFEST
C:\GITREPOS\BRO\BRO\BRO\DEBUG\BRO.EXE.EMBED.MANIFEST.RES
C:\GITREPOS\BRO\BRO\BRO\DEBUG\BRO.EXE.INTERMEDIATE.MANIFEST
C:\GITREPOS\BRO\BRO\BRO\DEBUG\BRO.OBJ
C:\GitRepos\bro\Bro\Bro\Debug\Bro_manifest.rc
C:\GitRepos\bro\Bro\Bro\Debug\cl.command.1.tlog
C:\GitRepos\bro\Bro\Bro\Debug\CL.read.1.tlog
C:\GitRepos\bro\Bro\Bro\Debug\CL.write.1.tlog
C:\GitRepos\bro\Bro\Bro\Debug\link.2788.read.1.tlog
C:\GitRepos\bro\Bro\Bro\Debug\link.2788.write.1.tlog
C:\GitRepos\bro\Bro\Bro\Debug\link.2788-cvtres.read.1.tlog
C:\GitRepos\bro\Bro\Bro\Debug\link.2788-cvtres.write.1.tlog
C:\GitRepos\bro\Bro\Bro\Debug\link.3440.read.1.tlog
C:\GitRepos\bro\Bro\Bro\Debug\link.3440.write.1.tlog
C:\GitRepos\bro\Bro\Bro\Debug\link.3440-cvtres.read.1.tlog
C:\GitRepos\bro\Bro\Bro\Debug\link.3440-cvtres.write.1.tlog
C:\GitRepos\bro\Bro\Bro\Debug\link.command.1.tlog
C:\GitRepos\bro\Bro\Bro\Debug\link.read.1.tlog
C:\GitRepos\bro\Bro\Bro\Debug\link.write.1.tlog
C:\GitRepos\bro\Bro\Bro\Debug\link-cvtres.read.1.tlog
C:\GitRepos\bro\Bro\Bro\Debug\link-cvtres.write.1.tlog
C:\GitRepos\bro\Bro\Bro\Debug\mt.command.1.tlog
C:\GitRepos\bro\Bro\Bro\Debug\mt.read.1.tlog
C:\GitRepos\bro\Bro\Bro\Debug\mt.write.1.tlog
C:\GitRepos\bro\Bro\Bro\Debug\rc.command.1.tlog
C:\GitRepos\bro\Bro\Bro\Debug\rc.read.1.tlog
C:\GitRepos\bro\Bro\Bro\Debug\rc.write.1.tlog
C:\GITREPOS\BRO\BRO\BRO\DEBUG\STDAFX.OBJ
C:\GITREPOS\BRO\BRO\BRO\DEBUG\TEST.OBJ
C:\GitRepos\bro\Bro\Bro\Debug\vc100.idb
C:\GITREPOS\BRO\BRO\BRO\DEBUG\VC100.PDB
C:\GITREPOS\BRO\BRO\DEBUG\BRO.EXE
C:\GITREPOS\BRO\BRO\DEBUG\BRO.ILK
C:\GITREPOS\BRO\BRO\DEBUG\BRO.PDB
